<?xml version="1.0" encoding="UTF-8"?>
<testng-results skipped="0" failed="0" ignored="0" total="1" passed="1">
  <reporter-output>
    <line>
      <![CDATA[Successfully Launched Chrome Browser]]>
    </line>
    <line>
      <![CDATA[Browser window is maximized successfully]]>
    </line>
    <line>
      <![CDATA[Login page is displayed successfully]]>
    </line>
    <line>
      <![CDATA[Username is entered successfully]]>
    </line>
    <line>
      <![CDATA[Username is entered successfully]]>
    </line>
    <line>
      <![CDATA[Homepage is displayed successfully]]>
    </line>
    <line>
      <![CDATA[Product Created Successfully]]>
    </line>
    <line>
      <![CDATA[Logged out successfully]]>
    </line>
  </reporter-output>
  <suite name="Default suite" duration-ms="48805" started-at="2021-07-03T11:43:47 IST" finished-at="2021-07-03T11:44:36 IST">
    <groups>
    </groups>
    <test name="Default test" duration-ms="48805" started-at="2021-07-03T11:43:47 IST" finished-at="2021-07-03T11:44:36 IST">
      <class name="products.TC03_ProductsTest">
        <test-method status="PASS" signature="openApplication(java.lang.String)[pri:0, instance:products.TC03_ProductsTest@27a8c74e]" name="openApplication" is-config="true" duration-ms="11541" started-at="2021-07-03T11:43:47 IST" finished-at="2021-07-03T11:43:58 IST">
          <params>
            <param index="0">
              <value>
                <![CDATA[chrome]]>
              </value>
            </param>
          </params>
          <reporter-output>
            <line>
              <![CDATA[Successfully Launched Chrome Browser]]>
            </line>
            <line>
              <![CDATA[Browser window is maximized successfully]]>
            </line>
            <line>
              <![CDATA[Login page is displayed successfully]]>
            </line>
          </reporter-output>
        </test-method> <!-- openApplication -->
        <test-method status="PASS" signature="loginToApplication()[pri:0, instance:products.TC03_ProductsTest@27a8c74e]" name="loginToApplication" is-config="true" duration-ms="10956" started-at="2021-07-03T11:43:58 IST" finished-at="2021-07-03T11:44:09 IST">
          <reporter-output>
            <line>
              <![CDATA[Username is entered successfully]]>
            </line>
            <line>
              <![CDATA[Username is entered successfully]]>
            </line>
            <line>
              <![CDATA[Homepage is displayed successfully]]>
            </line>
          </reporter-output>
        </test-method> <!-- loginToApplication -->
        <test-method status="PASS" signature="createProduct()[pri:0, instance:products.TC03_ProductsTest@27a8c74e]" name="createProduct" duration-ms="22404" started-at="2021-07-03T11:44:09 IST" finished-at="2021-07-03T11:44:32 IST">
          <reporter-output>
            <line>
              <![CDATA[Product Created Successfully]]>
            </line>
          </reporter-output>
        </test-method> <!-- createProduct -->
        <test-method status="PASS" signature="logoutFromApplication()[pri:0, instance:products.TC03_ProductsTest@27a8c74e]" name="logoutFromApplication" is-config="true" duration-ms="2787" started-at="2021-07-03T11:44:32 IST" finished-at="2021-07-03T11:44:35 IST">
          <reporter-output>
            <line>
              <![CDATA[Logged out successfully]]>
            </line>
          </reporter-output>
        </test-method> <!-- logoutFromApplication -->
        <test-method status="PASS" signature="CloseApp()[pri:0, instance:products.TC03_ProductsTest@27a8c74e]" name="CloseApp" is-config="true" duration-ms="977" started-at="2021-07-03T11:44:35 IST" finished-at="2021-07-03T11:44:36 IST">
          <reporter-output>
          </reporter-output>
        </test-method> <!-- CloseApp -->
      </class> <!-- products.TC03_ProductsTest -->
    </test> <!-- Default test -->
  </suite> <!-- Default suite -->
</testng-results>
